ERROR - 2023-09-03 07:52:29 --> Error connecting to the database: mysqli_sql_exception: No connection could be made because the target machine actively refused it in E:\xampp\htdocs\system\Database\MySQLi\Connection.php:173
Stack trace:
#0 E:\xampp\htdocs\system\Database\MySQLi\Connection.php(173): mysqli->real_connect('localhost', 'overninja', Object(SensitiveParameterValue), 'overninja_db', 3306, '', 0)
#1 E:\xampp\htdocs\system\Database\BaseConnection.php(391): CodeIgniter\Database\MySQLi\Connection->connect(false)
#2 E:\xampp\htdocs\system\Database\BaseConnection.php(574): CodeIgniter\Database\BaseConnection->initialize()
#3 E:\xampp\htdocs\system\Database\BaseBuilder.php(1616): CodeIgniter\Database\BaseConnection->query('SELECT *\nFROM `...', Array, false)
#4 E:\xampp\htdocs\system\Model.php(241): CodeIgniter\Database\BaseBuilder->get()
#5 E:\xampp\htdocs\system\BaseModel.php(618): CodeIgniter\Model->doFindAll(0, 0)
#6 E:\xampp\htdocs\app\Controllers\Home.php(17): CodeIgniter\BaseModel->findAll()
#7 E:\xampp\htdocs\system\CodeIgniter.php(932): App\Controllers\Home->index()
#8 E:\xampp\htdocs\system\CodeIgniter.php(497): CodeIgniter\CodeIgniter->runController(Object(App\Controllers\Home))
#9 E:\xampp\htdocs\system\CodeIgniter.php(366): CodeIgniter\CodeIgniter->handleRequest(NULL, Object(Config\Cache), false)
#10 E:\xampp\htdocs\admin\index.php(67): CodeIgniter\CodeIgniter->run()
#11 {main}

Next CodeIgniter\Database\Exceptions\DatabaseException: No connection could be made because the target machine actively refused it in E:\xampp\htdocs\system\Database\MySQLi\Connection.php:218
Stack trace:
#0 E:\xampp\htdocs\system\Database\BaseConnection.php(391): CodeIgniter\Database\MySQLi\Connection->connect(false)
#1 E:\xampp\htdocs\system\Database\BaseConnection.php(574): CodeIgniter\Database\BaseConnection->initialize()
#2 E:\xampp\htdocs\system\Database\BaseBuilder.php(1616): CodeIgniter\Database\BaseConnection->query('SELECT *\nFROM `...', Array, false)
#3 E:\xampp\htdocs\system\Model.php(241): CodeIgniter\Database\BaseBuilder->get()
#4 E:\xampp\htdocs\system\BaseModel.php(618): CodeIgniter\Model->doFindAll(0, 0)
#5 E:\xampp\htdocs\app\Controllers\Home.php(17): CodeIgniter\BaseModel->findAll()
#6 E:\xampp\htdocs\system\CodeIgniter.php(932): App\Controllers\Home->index()
#7 E:\xampp\htdocs\system\CodeIgniter.php(497): CodeIgniter\CodeIgniter->runController(Object(App\Controllers\Home))
#8 E:\xampp\htdocs\system\CodeIgniter.php(366): CodeIgniter\CodeIgniter->handleRequest(NULL, Object(Config\Cache), false)
#9 E:\xampp\htdocs\admin\index.php(67): CodeIgniter\CodeIgniter->run()
#10 {main}
CRITICAL - 2023-09-03 07:52:29 --> Unable to connect to the database.
Main connection [MySQLi]: No connection could be made because the target machine actively refused it
in SYSTEMPATH\Database\BaseConnection.php on line 427.
 1 SYSTEMPATH\Database\BaseConnection.php(574): CodeIgniter\Database\BaseConnection->initialize()
 2 SYSTEMPATH\Database\BaseBuilder.php(1616): CodeIgniter\Database\BaseConnection->query('SELECT *
FROM `portfolio`
ORDER BY `created_on` DESC', [], false)
 3 SYSTEMPATH\Model.php(241): CodeIgniter\Database\BaseBuilder->get()
 4 SYSTEMPATH\BaseModel.php(618): CodeIgniter\Model->doFindAll(0, 0)
 5 APPPATH\Controllers\Home.php(17): CodeIgniter\BaseModel->findAll()
 6 SYSTEMPATH\CodeIgniter.php(932): App\Controllers\Home->index()
 7 SYSTEMPATH\CodeIgniter.php(497): CodeIgniter\CodeIgniter->runController(Object(App\Controllers\Home))
 8 SYSTEMPATH\CodeIgniter.php(366): CodeIgniter\CodeIgniter->handleRequest(null, Object(Config\Cache), false)
 9 FCPATH\index.php(67): CodeIgniter\CodeIgniter->run()
ERROR - 2023-09-03 09:07:10 --> Error connecting to the database: mysqli_sql_exception: No connection could be made because the target machine actively refused it in E:\xampp\htdocs\system\Database\MySQLi\Connection.php:173
Stack trace:
#0 E:\xampp\htdocs\system\Database\MySQLi\Connection.php(173): mysqli->real_connect('localhost', 'overninja', Object(SensitiveParameterValue), 'overninja_db', 3306, '', 0)
#1 E:\xampp\htdocs\system\Database\BaseConnection.php(391): CodeIgniter\Database\MySQLi\Connection->connect(false)
#2 E:\xampp\htdocs\system\Database\BaseConnection.php(574): CodeIgniter\Database\BaseConnection->initialize()
#3 E:\xampp\htdocs\system\Database\BaseBuilder.php(1616): CodeIgniter\Database\BaseConnection->query('SELECT *\nFROM `...', Array, false)
#4 E:\xampp\htdocs\system\Model.php(241): CodeIgniter\Database\BaseBuilder->get()
#5 E:\xampp\htdocs\system\BaseModel.php(618): CodeIgniter\Model->doFindAll(0, 0)
#6 E:\xampp\htdocs\app\Controllers\Home.php(17): CodeIgniter\BaseModel->findAll()
#7 E:\xampp\htdocs\system\CodeIgniter.php(932): App\Controllers\Home->index()
#8 E:\xampp\htdocs\system\CodeIgniter.php(497): CodeIgniter\CodeIgniter->runController(Object(App\Controllers\Home))
#9 E:\xampp\htdocs\system\CodeIgniter.php(366): CodeIgniter\CodeIgniter->handleRequest(NULL, Object(Config\Cache), false)
#10 E:\xampp\htdocs\index.php(67): CodeIgniter\CodeIgniter->run()
#11 {main}

Next CodeIgniter\Database\Exceptions\DatabaseException: No connection could be made because the target machine actively refused it in E:\xampp\htdocs\system\Database\MySQLi\Connection.php:218
Stack trace:
#0 E:\xampp\htdocs\system\Database\BaseConnection.php(391): CodeIgniter\Database\MySQLi\Connection->connect(false)
#1 E:\xampp\htdocs\system\Database\BaseConnection.php(574): CodeIgniter\Database\BaseConnection->initialize()
#2 E:\xampp\htdocs\system\Database\BaseBuilder.php(1616): CodeIgniter\Database\BaseConnection->query('SELECT *\nFROM `...', Array, false)
#3 E:\xampp\htdocs\system\Model.php(241): CodeIgniter\Database\BaseBuilder->get()
#4 E:\xampp\htdocs\system\BaseModel.php(618): CodeIgniter\Model->doFindAll(0, 0)
#5 E:\xampp\htdocs\app\Controllers\Home.php(17): CodeIgniter\BaseModel->findAll()
#6 E:\xampp\htdocs\system\CodeIgniter.php(932): App\Controllers\Home->index()
#7 E:\xampp\htdocs\system\CodeIgniter.php(497): CodeIgniter\CodeIgniter->runController(Object(App\Controllers\Home))
#8 E:\xampp\htdocs\system\CodeIgniter.php(366): CodeIgniter\CodeIgniter->handleRequest(NULL, Object(Config\Cache), false)
#9 E:\xampp\htdocs\index.php(67): CodeIgniter\CodeIgniter->run()
#10 {main}
CRITICAL - 2023-09-03 09:07:10 --> Unable to connect to the database.
Main connection [MySQLi]: No connection could be made because the target machine actively refused it
in SYSTEMPATH\Database\BaseConnection.php on line 427.
 1 SYSTEMPATH\Database\BaseConnection.php(574): CodeIgniter\Database\BaseConnection->initialize()
 2 SYSTEMPATH\Database\BaseBuilder.php(1616): CodeIgniter\Database\BaseConnection->query('SELECT *
FROM `portfolio`
ORDER BY `created_on` DESC', [], false)
 3 SYSTEMPATH\Model.php(241): CodeIgniter\Database\BaseBuilder->get()
 4 SYSTEMPATH\BaseModel.php(618): CodeIgniter\Model->doFindAll(0, 0)
 5 APPPATH\Controllers\Home.php(17): CodeIgniter\BaseModel->findAll()
 6 SYSTEMPATH\CodeIgniter.php(932): App\Controllers\Home->index()
 7 SYSTEMPATH\CodeIgniter.php(497): CodeIgniter\CodeIgniter->runController(Object(App\Controllers\Home))
 8 SYSTEMPATH\CodeIgniter.php(366): CodeIgniter\CodeIgniter->handleRequest(null, Object(Config\Cache), false)
 9 FCPATH\index.php(67): CodeIgniter\CodeIgniter->run()
ERROR - 2023-09-03 09:07:20 --> Error connecting to the database: mysqli_sql_exception: No connection could be made because the target machine actively refused it in E:\xampp\htdocs\system\Database\MySQLi\Connection.php:173
Stack trace:
#0 E:\xampp\htdocs\system\Database\MySQLi\Connection.php(173): mysqli->real_connect('localhost', 'overninja', Object(SensitiveParameterValue), 'overninja_db', 3306, '', 0)
#1 E:\xampp\htdocs\system\Database\BaseConnection.php(391): CodeIgniter\Database\MySQLi\Connection->connect(false)
#2 E:\xampp\htdocs\system\Database\BaseConnection.php(574): CodeIgniter\Database\BaseConnection->initialize()
#3 E:\xampp\htdocs\system\Database\BaseBuilder.php(1616): CodeIgniter\Database\BaseConnection->query('SELECT *\nFROM `...', Array, false)
#4 E:\xampp\htdocs\system\Model.php(241): CodeIgniter\Database\BaseBuilder->get()
#5 E:\xampp\htdocs\system\BaseModel.php(618): CodeIgniter\Model->doFindAll(0, 0)
#6 E:\xampp\htdocs\app\Controllers\Home.php(49): CodeIgniter\BaseModel->findAll()
#7 E:\xampp\htdocs\system\CodeIgniter.php(932): App\Controllers\Home->services()
#8 E:\xampp\htdocs\system\CodeIgniter.php(497): CodeIgniter\CodeIgniter->runController(Object(App\Controllers\Home))
#9 E:\xampp\htdocs\system\CodeIgniter.php(366): CodeIgniter\CodeIgniter->handleRequest(NULL, Object(Config\Cache), false)
#10 E:\xampp\htdocs\index.php(67): CodeIgniter\CodeIgniter->run()
#11 {main}

Next CodeIgniter\Database\Exceptions\DatabaseException: No connection could be made because the target machine actively refused it in E:\xampp\htdocs\system\Database\MySQLi\Connection.php:218
Stack trace:
#0 E:\xampp\htdocs\system\Database\BaseConnection.php(391): CodeIgniter\Database\MySQLi\Connection->connect(false)
#1 E:\xampp\htdocs\system\Database\BaseConnection.php(574): CodeIgniter\Database\BaseConnection->initialize()
#2 E:\xampp\htdocs\system\Database\BaseBuilder.php(1616): CodeIgniter\Database\BaseConnection->query('SELECT *\nFROM `...', Array, false)
#3 E:\xampp\htdocs\system\Model.php(241): CodeIgniter\Database\BaseBuilder->get()
#4 E:\xampp\htdocs\system\BaseModel.php(618): CodeIgniter\Model->doFindAll(0, 0)
#5 E:\xampp\htdocs\app\Controllers\Home.php(49): CodeIgniter\BaseModel->findAll()
#6 E:\xampp\htdocs\system\CodeIgniter.php(932): App\Controllers\Home->services()
#7 E:\xampp\htdocs\system\CodeIgniter.php(497): CodeIgniter\CodeIgniter->runController(Object(App\Controllers\Home))
#8 E:\xampp\htdocs\system\CodeIgniter.php(366): CodeIgniter\CodeIgniter->handleRequest(NULL, Object(Config\Cache), false)
#9 E:\xampp\htdocs\index.php(67): CodeIgniter\CodeIgniter->run()
#10 {main}
CRITICAL - 2023-09-03 09:07:20 --> Unable to connect to the database.
Main connection [MySQLi]: No connection could be made because the target machine actively refused it
in SYSTEMPATH\Database\BaseConnection.php on line 427.
 1 SYSTEMPATH\Database\BaseConnection.php(574): CodeIgniter\Database\BaseConnection->initialize()
 2 SYSTEMPATH\Database\BaseBuilder.php(1616): CodeIgniter\Database\BaseConnection->query('SELECT *
FROM `testimonials`
ORDER BY `created_on` DESC', [], false)
 3 SYSTEMPATH\Model.php(241): CodeIgniter\Database\BaseBuilder->get()
 4 SYSTEMPATH\BaseModel.php(618): CodeIgniter\Model->doFindAll(0, 0)
 5 APPPATH\Controllers\Home.php(49): CodeIgniter\BaseModel->findAll()
 6 SYSTEMPATH\CodeIgniter.php(932): App\Controllers\Home->services()
 7 SYSTEMPATH\CodeIgniter.php(497): CodeIgniter\CodeIgniter->runController(Object(App\Controllers\Home))
 8 SYSTEMPATH\CodeIgniter.php(366): CodeIgniter\CodeIgniter->handleRequest(null, Object(Config\Cache), false)
 9 FCPATH\index.php(67): CodeIgniter\CodeIgniter->run()
ERROR - 2023-09-03 10:31:58 --> Error connecting to the database: mysqli_sql_exception: Access denied for user 'overninja'@'localhost' (using password: YES) in E:\xampp\htdocs\system\Database\MySQLi\Connection.php:173
Stack trace:
#0 E:\xampp\htdocs\system\Database\MySQLi\Connection.php(173): mysqli->real_connect('localhost', 'overninja', Object(SensitiveParameterValue), 'overninja_db', 3306, '', 0)
#1 E:\xampp\htdocs\system\Database\BaseConnection.php(391): CodeIgniter\Database\MySQLi\Connection->connect(false)
#2 E:\xampp\htdocs\system\Database\BaseConnection.php(574): CodeIgniter\Database\BaseConnection->initialize()
#3 E:\xampp\htdocs\system\Database\BaseBuilder.php(1616): CodeIgniter\Database\BaseConnection->query('SELECT *\nFROM `...', Array, false)
#4 E:\xampp\htdocs\system\Model.php(241): CodeIgniter\Database\BaseBuilder->get()
#5 E:\xampp\htdocs\system\BaseModel.php(618): CodeIgniter\Model->doFindAll(0, 0)
#6 E:\xampp\htdocs\app\Controllers\Home.php(17): CodeIgniter\BaseModel->findAll()
#7 E:\xampp\htdocs\system\CodeIgniter.php(932): App\Controllers\Home->index()
#8 E:\xampp\htdocs\system\CodeIgniter.php(497): CodeIgniter\CodeIgniter->runController(Object(App\Controllers\Home))
#9 E:\xampp\htdocs\system\CodeIgniter.php(366): CodeIgniter\CodeIgniter->handleRequest(NULL, Object(Config\Cache), false)
#10 E:\xampp\htdocs\index.php(67): CodeIgniter\CodeIgniter->run()
#11 {main}

Next CodeIgniter\Database\Exceptions\DatabaseException: Access denied for user '****'@'localhost' (using password: YES) in E:\xampp\htdocs\system\Database\MySQLi\Connection.php:218
Stack trace:
#0 E:\xampp\htdocs\system\Database\BaseConnection.php(391): CodeIgniter\Database\MySQLi\Connection->connect(false)
#1 E:\xampp\htdocs\system\Database\BaseConnection.php(574): CodeIgniter\Database\BaseConnection->initialize()
#2 E:\xampp\htdocs\system\Database\BaseBuilder.php(1616): CodeIgniter\Database\BaseConnection->query('SELECT *\nFROM `...', Array, false)
#3 E:\xampp\htdocs\system\Model.php(241): CodeIgniter\Database\BaseBuilder->get()
#4 E:\xampp\htdocs\system\BaseModel.php(618): CodeIgniter\Model->doFindAll(0, 0)
#5 E:\xampp\htdocs\app\Controllers\Home.php(17): CodeIgniter\BaseModel->findAll()
#6 E:\xampp\htdocs\system\CodeIgniter.php(932): App\Controllers\Home->index()
#7 E:\xampp\htdocs\system\CodeIgniter.php(497): CodeIgniter\CodeIgniter->runController(Object(App\Controllers\Home))
#8 E:\xampp\htdocs\system\CodeIgniter.php(366): CodeIgniter\CodeIgniter->handleRequest(NULL, Object(Config\Cache), false)
#9 E:\xampp\htdocs\index.php(67): CodeIgniter\CodeIgniter->run()
#10 {main}
CRITICAL - 2023-09-03 10:31:58 --> Unable to connect to the database.
Main connection [MySQLi]: Access denied for user '****'@'localhost' (using password: YES)
in SYSTEMPATH\Database\BaseConnection.php on line 427.
 1 SYSTEMPATH\Database\BaseConnection.php(574): CodeIgniter\Database\BaseConnection->initialize()
 2 SYSTEMPATH\Database\BaseBuilder.php(1616): CodeIgniter\Database\BaseConnection->query('SELECT *
FROM `portfolio`
ORDER BY `created_on` DESC', [], false)
 3 SYSTEMPATH\Model.php(241): CodeIgniter\Database\BaseBuilder->get()
 4 SYSTEMPATH\BaseModel.php(618): CodeIgniter\Model->doFindAll(0, 0)
 5 APPPATH\Controllers\Home.php(17): CodeIgniter\BaseModel->findAll()
 6 SYSTEMPATH\CodeIgniter.php(932): App\Controllers\Home->index()
 7 SYSTEMPATH\CodeIgniter.php(497): CodeIgniter\CodeIgniter->runController(Object(App\Controllers\Home))
 8 SYSTEMPATH\CodeIgniter.php(366): CodeIgniter\CodeIgniter->handleRequest(null, Object(Config\Cache), false)
 9 FCPATH\index.php(67): CodeIgniter\CodeIgniter->run()
